2020-02-18T17:32:56.823Z [warn] WARNING: {{paper-icon}} was not converted as it has positional parameters which can't be automatically converted. Source: app/templates/file-menu.hbs
2020-02-18T17:32:56.836Z [warn] WARNING: {{paper-icon}} was not converted as it has positional parameters which can't be automatically converted. Source: app/templates/file-menu.hbs
2020-02-18T17:32:56.839Z [warn] WARNING: {{paper-icon}} was not converted as it has positional parameters which can't be automatically converted. Source: app/templates/file-menu.hbs
2020-02-18T17:33:00.569Z [warn] WARNING: {{paper-icon}} was not converted as it has positional parameters which can't be automatically converted. Source: app/templates/sidebar.hbs
2020-02-18T17:33:00.582Z [warn] WARNING: {{paper-icon}} was not converted as it has positional parameters which can't be automatically converted. Source: app/templates/sidebar.hbs
2020-02-18T17:33:00.592Z [warn] WARNING: {{paper-icon}} was not converted as it has positional parameters which can't be automatically converted. Source: app/templates/sidebar.hbs
2020-02-18T17:33:00.595Z [warn] WARNING: {{paper-icon}} was not converted as it has positional parameters which can't be automatically converted. Source: app/templates/sidebar.hbs
2020-02-18T17:33:02.133Z [warn] WARNING: {{commify}} was not converted as it has positional parameters which can't be automatically converted. Source: app/templates/file.hbs
2020-02-18T17:33:02.137Z [warn] WARNING: {{filesize}} was not converted as it has positional parameters which can't be automatically converted. Source: app/templates/file.hbs
2020-02-18T17:33:04.997Z [warn] WARNING: {{paper-icon}} was not converted as it has positional parameters which can't be automatically converted. Source: app/templates/directory-menu.hbs
2020-02-18T17:33:05.031Z [warn] WARNING: {{paper-icon}} was not converted as it has positional parameters which can't be automatically converted. Source: app/templates/directory-menu.hbs
2020-02-18T17:33:05.033Z [warn] WARNING: {{paper-icon}} was not converted as it has positional parameters which can't be automatically converted. Source: app/templates/directory-menu.hbs
2020-02-18T17:33:05.034Z [warn] WARNING: {{paper-icon}} was not converted as it has positional parameters which can't be automatically converted. Source: app/templates/directory-menu.hbs
2020-02-18T17:33:05.037Z [warn] WARNING: {{paper-icon}} was not converted as it has positional parameters which can't be automatically converted. Source: app/templates/directory-menu.hbs
2020-02-18T17:33:05.048Z [warn] WARNING: {{paper-icon}} was not converted as it has positional parameters which can't be automatically converted. Source: app/templates/directory-menu.hbs
2020-02-18T17:33:05.054Z [warn] WARNING: {{paper-icon}} was not converted as it has positional parameters which can't be automatically converted. Source: app/templates/directory-menu.hbs
2020-02-18T17:33:05.056Z [warn] WARNING: {{paper-icon}} was not converted as it has positional parameters which can't be automatically converted. Source: app/templates/directory-menu.hbs
2020-02-18T17:33:05.057Z [warn] WARNING: {{paper-icon}} was not converted as it has positional parameters which can't be automatically converted. Source: app/templates/directory-menu.hbs
2020-02-18T17:33:05.058Z [warn] WARNING: {{paper-icon}} was not converted as it has positional parameters which can't be automatically converted. Source: app/templates/directory-menu.hbs
2020-02-18T17:33:05.059Z [warn] WARNING: {{paper-icon}} was not converted as it has positional parameters which can't be automatically converted. Source: app/templates/directory-menu.hbs
2020-02-18T17:33:05.325Z [warn] WARNING: {{paper-icon}} was not converted as it has positional parameters which can't be automatically converted. Source: app/templates/directory.hbs
2020-02-18T17:33:05.333Z [warn] WARNING: {{-paper-underscore}} was not converted as it has positional parameters which can't be automatically converted. Source: app/templates/directory.hbs
2020-02-18T17:33:05.334Z [warn] WARNING: {{commify}} was not converted as it has positional parameters which can't be automatically converted. Source: app/templates/directory.hbs
2020-02-18T17:33:05.334Z [warn] WARNING: {{filesize}} was not converted as it has positional parameters which can't be automatically converted. Source: app/templates/directory.hbs
2020-02-18T18:07:09.373Z [warn] WARNING: {{commify}} was not converted as it has positional parameters which can't be automatically converted. Source: app/templates/file.hbs
2020-02-18T18:07:09.375Z [warn] WARNING: {{filesize}} was not converted as it has positional parameters which can't be automatically converted. Source: app/templates/file.hbs
2020-02-18T18:07:09.671Z [warn] WARNING: {{paper-icon}} was not converted as it has positional parameters which can't be automatically converted. Source: app/templates/file-menu.hbs
2020-02-18T18:07:09.674Z [warn] WARNING: {{paper-icon}} was not converted as it has positional parameters which can't be automatically converted. Source: app/templates/file-menu.hbs
2020-02-18T18:07:09.675Z [warn] WARNING: {{paper-icon}} was not converted as it has positional parameters which can't be automatically converted. Source: app/templates/file-menu.hbs
2020-02-18T18:07:09.820Z [warn] WARNING: {{paper-icon}} was not converted as it has positional parameters which can't be automatically converted. Source: app/templates/directory.hbs
2020-02-18T18:07:09.833Z [warn] WARNING: {{paper-icon}} was not converted as it has positional parameters which can't be automatically converted. Source: app/templates/sidebar.hbs
2020-02-18T18:07:09.837Z [warn] WARNING: {{paper-icon}} was not converted as it has positional parameters which can't be automatically converted. Source: app/templates/sidebar.hbs
2020-02-18T18:07:09.837Z [warn] WARNING: {{paper-icon}} was not converted as it has positional parameters which can't be automatically converted. Source: app/templates/sidebar.hbs
2020-02-18T18:07:09.838Z [warn] WARNING: {{paper-icon}} was not converted as it has positional parameters which can't be automatically converted. Source: app/templates/sidebar.hbs
2020-02-18T18:07:09.825Z [warn] WARNING: {{-paper-underscore}} was not converted as it has positional parameters which can't be automatically converted. Source: app/templates/directory.hbs
2020-02-18T18:07:09.826Z [warn] WARNING: {{commify}} was not converted as it has positional parameters which can't be automatically converted. Source: app/templates/directory.hbs
2020-02-18T18:07:09.826Z [warn] WARNING: {{filesize}} was not converted as it has positional parameters which can't be automatically converted. Source: app/templates/directory.hbs
2020-02-18T18:07:09.890Z [warn] WARNING: {{paper-icon}} was not converted as it has positional parameters which can't be automatically converted. Source: app/templates/directory-menu.hbs
2020-02-18T18:07:09.890Z [warn] WARNING: {{paper-icon}} was not converted as it has positional parameters which can't be automatically converted. Source: app/templates/directory-menu.hbs
2020-02-18T18:07:09.890Z [warn] WARNING: {{paper-icon}} was not converted as it has positional parameters which can't be automatically converted. Source: app/templates/directory-menu.hbs
2020-02-18T18:07:09.890Z [warn] WARNING: {{paper-icon}} was not converted as it has positional parameters which can't be automatically converted. Source: app/templates/directory-menu.hbs
2020-02-18T18:07:09.891Z [warn] WARNING: {{paper-icon}} was not converted as it has positional parameters which can't be automatically converted. Source: app/templates/directory-menu.hbs
2020-02-18T18:07:09.891Z [warn] WARNING: {{paper-icon}} was not converted as it has positional parameters which can't be automatically converted. Source: app/templates/directory-menu.hbs
2020-02-18T18:07:09.891Z [warn] WARNING: {{paper-icon}} was not converted as it has positional parameters which can't be automatically converted. Source: app/templates/directory-menu.hbs
2020-02-18T18:07:09.891Z [warn] WARNING: {{paper-icon}} was not converted as it has positional parameters which can't be automatically converted. Source: app/templates/directory-menu.hbs
2020-02-18T18:07:09.892Z [warn] WARNING: {{paper-icon}} was not converted as it has positional parameters which can't be automatically converted. Source: app/templates/directory-menu.hbs
2020-02-18T18:07:09.892Z [warn] WARNING: {{paper-icon}} was not converted as it has positional parameters which can't be automatically converted. Source: app/templates/directory-menu.hbs
2020-02-18T18:07:09.892Z [warn] WARNING: {{paper-icon}} was not converted as it has positional parameters which can't be automatically converted. Source: app/templates/directory-menu.hbs
